[01:21:58] [Server thread/INFO]: Starting minecraft server version 1.12
[01:21:58] [Server thread/INFO]: Loading properties
[01:21:58] [Server thread/WARN]: resource-pack-hash is deprecated and found along side resource-pack-sha1. resource-pack-hash will be ignored.
[01:21:58] [Server thread/INFO]: Default game type: SURVIVAL
[01:21:58] [Server thread/INFO]: Generating keypair
[01:21:58] [Server thread/INFO]: Starting Minecraft server on *:25565
[01:21:58] [Server thread/INFO]: Using epoll channel type
[01:21:58] [Server thread/WARN]: **** SERVER IS RUNNING IN OFFLINE/INSECURE MODE!
[01:21:58] [Server thread/WARN]: The server will make no attempt to authenticate usernames. Beware.
[01:21:58] [Server thread/WARN]: While this makes the game possible to play without internet access, it also opens up the ability for hackers to connect with any username they choose.
[01:21:58] [Server thread/WARN]: To change this, set "online-mode" to "true" in the server.properties file.
[01:21:58] [Server thread/INFO]: Preparing level "world"
[01:21:59] [Server thread/INFO]: Loaded 488 advancements
[01:21:59] [Server thread/INFO]: Preparing start region for level 0
[01:22:00] [Server thread/INFO]: Preparing spawn area: 8%
[01:22:01] [Server thread/INFO]: Preparing spawn area: 15%
[01:22:02] [Server thread/INFO]: Preparing spawn area: 26%
[01:22:03] [Server thread/INFO]: Preparing spawn area: 37%
[01:22:04] [Server thread/INFO]: Preparing spawn area: 46%
[01:22:05] [Server thread/INFO]: Preparing spawn area: 55%
[01:22:06] [Server thread/INFO]: Preparing spawn area: 64%
[01:22:07] [Server thread/INFO]: Preparing spawn area: 74%
[01:22:08] [Server thread/INFO]: Preparing spawn area: 83%
[01:22:09] [Server thread/INFO]: Preparing spawn area: 94%
[01:22:10] [Server thread/INFO]: Done (11.357s)! For help, type "help" or "?"
[01:23:02] [Server thread/INFO]: daddy[/192.168.2.220:57618] logged in with entity id 2416 at (29.5, 64.0, -58.5)
[01:23:02] [Server thread/INFO]: daddy joined the game
[01:23:05] [Server thread/WARN]: Can't keep up! Did the system time change, or is the server overloaded? Running 2262ms behind, skipping 45 tick(s)
[01:23:33] [Server thread/INFO]: daddy lost connection: Disconnected
[01:23:33] [Server thread/INFO]: daddy left the game
