[04:02:19] [Server thread/INFO]: Starting minecraft server version 1.12
[04:02:19] [Server thread/WARN]: To start the server with more ram, launch it as "java -Xmx1024M -Xms1024M -jar minecraft_server.jar"
[04:02:19] [Server thread/INFO]: Loading properties
[04:02:19] [Server thread/WARN]: Failed to load eula.txt
[04:02:19] [Server thread/INFO]: You need to agree to the EULA in order to run the server. Go to eula.txt for more info.
[04:02:19] [Server thread/INFO]: Stopping server
[04:02:19] [Server Shutdown Thread/INFO]: Stopping server
[04:02:45] [Server thread/INFO]: Starting minecraft server version 1.12
[04:02:45] [Server thread/WARN]: To start the server with more ram, launch it as "java -Xmx1024M -Xms1024M -jar minecraft_server.jar"
[04:02:45] [Server thread/INFO]: Loading properties
[04:02:45] [Server thread/INFO]: You need to agree to the EULA in order to run the server. Go to eula.txt for more info.
[04:02:45] [Server thread/INFO]: Stopping server
[04:02:45] [Server Shutdown Thread/INFO]: Stopping server
[04:04:38] [Server thread/INFO]: Starting minecraft server version 1.12
[04:04:38] [Server thread/INFO]: Loading properties
[04:04:38] [Server thread/WARN]: resource-pack-hash is deprecated. Please use resource-pack-sha1 instead.
[04:04:38] [Server thread/INFO]: Default game type: SURVIVAL
[04:04:38] [Server thread/INFO]: Generating keypair
[04:04:38] [Server thread/INFO]: Starting Minecraft server on *:25565
[04:04:39] [Server thread/INFO]: Using epoll channel type
[04:04:39] [Server thread/WARN]: **** SERVER IS RUNNING IN OFFLINE/INSECURE MODE!
[04:04:39] [Server thread/WARN]: The server will make no attempt to authenticate usernames. Beware.
[04:04:39] [Server thread/WARN]: While this makes the game possible to play without internet access, it also opens up the ability for hackers to connect with any username they choose.
[04:04:39] [Server thread/WARN]: To change this, set "online-mode" to "true" in the server.properties file.
[04:04:39] [Server thread/INFO]: Preparing level "world"
[04:04:39] [Server thread/INFO]: Loaded 488 advancements
[04:04:40] [Server thread/INFO]: Preparing start region for level 0
[04:04:41] [Server thread/INFO]: Preparing spawn area: 12%
[04:04:42] [Server thread/INFO]: Preparing spawn area: 24%
[04:04:43] [Server thread/INFO]: Preparing spawn area: 35%
[04:04:44] [Server thread/INFO]: Preparing spawn area: 48%
[04:04:45] [Server thread/INFO]: Preparing spawn area: 60%
[04:04:46] [Server thread/INFO]: Preparing spawn area: 75%
[04:04:47] [Server thread/INFO]: Preparing spawn area: 88%
[04:04:47] [Server thread/INFO]: Done (8.703s)! For help, type "help" or "?"
[04:35:39] [Server thread/INFO]: \(^o^)\~[/172.21.0.1:35604] logged in with entity id 2578 at (-67.5, 70.0, 234.5)
[04:35:39] [Server thread/INFO]: \(^o^)\~ joined the game
[04:42:06] [Server thread/INFO]: \(^o^)\~ was slain by Zombie
[04:56:15] [Server thread/INFO]: qwjwefw[/172.21.0.1:35610] logged in with entity id 14969 at (-70.5, 70.0, 230.5)
[04:56:15] [Server thread/INFO]: qwjwefw joined the game
[04:57:23] [Server thread/INFO]: qwjwefw was blown up by Creeper
[04:58:23] [Server thread/INFO]: qwjwefw was slain by Zombie
[04:58:40] [Server thread/INFO]: qwjwefw fell from a high place
[04:59:11] [Server thread/INFO]: qwjwefw was slain by Zombie
[04:59:41] [Server thread/INFO]: qwjwefw was slain by Zombie
[05:00:30] [Server thread/INFO]: qwjwefw was slain by Spider
[05:00:43] [Server thread/INFO]: \(^o^)\~ lost connection: Disconnected
[05:00:43] [Server thread/INFO]: \(^o^)\~ left the game
[05:01:46] [Server thread/INFO]: qwjwefw was slain by Zombie
[05:01:50] [Server thread/INFO]: qwjwefw lost connection: Disconnected
[05:01:50] [Server thread/INFO]: qwjwefw left the game
[05:02:23] [Server thread/WARN]: Can't keep up! Did the system time change, or is the server overloaded? Running 30184ms behind, skipping 603 tick(s)
[06:03:18] [Server thread/WARN]: Can't keep up! Did the system time change, or is the server overloaded? Running 17450ms behind, skipping 349 tick(s)
[08:11:38] [Server thread/WARN]: Can't keep up! Did the system time change, or is the server overloaded? Running 144933ms behind, skipping 2898 tick(s)
[08:11:40] [Server Watchdog/FATAL]: A single server tick took 144.93 seconds (should be max 0.05)
[08:11:40] [Server Watchdog/FATAL]: Considering it to be crashed, server will forcibly shutdown.
[08:11:40] [Server Watchdog/ERROR]: This crash report has been saved to: /data/./crash-reports/crash-2017-06-06_08.11.40-server.txt
[08:11:40] [Server Shutdown Thread/INFO]: Stopping server
[08:11:40] [Server Shutdown Thread/INFO]: Saving players
[08:11:40] [Server Shutdown Thread/INFO]: Saving worlds
[08:11:40] [Server Shutdown Thread/INFO]: Saving chunks for level 'world'/overworld
[08:11:40] [Server Shutdown Thread/INFO]: Saving chunks for level 'world'/the_nether
[08:11:40] [Server Shutdown Thread/INFO]: Saving chunks for level 'world'/the_end
